<?xml version="1.0" encoding="UTF-8"?>
<!-- Generated by org.testng.reporters.JUnitReportReporter -->
<testsuite hostname="DESKTOP-UF6MTFO" failures="0" tests="1" name="sampleTestPackage.SampleTestClass" time="2.358" errors="0" timestamp="2024-03-31T10:22:28 IST" skipped="0">
  <testcase classname="sampleTestPackage.SampleTestClass" name="sampleForm" time="2.358"/>
</testsuite> <!-- sampleTestPackage.SampleTestClass -->
